2021-12-01 23:23:11 Loading main app package /tmp/.mount_obsidiYNYjhl/resources/obsidian.asar
2021-12-01 23:23:12 Checking for update using Github
2021-12-01 23:23:12 Success.
2021-12-01 23:23:12 Latest version is 0.12.19
2021-12-01 23:23:12 App is up to date.
2021-12-01 23:24:16 Loading main app package /tmp/.mount_obsidi3n6N97/resources/obsidian.asar
2021-12-01 23:24:22 Checking for update using Github
2021-12-01 23:24:25 Loading main app package /tmp/.mount_obsidiVFsrvr/resources/obsidian.asar
2021-12-01 23:24:26 Checking for update using Github
2021-12-01 23:25:46 Loading main app package /usr/lib/obsidian/obsidian.asar
2021-12-01 23:25:46 Checking for update using Github
2021-12-01 23:29:52 Loading main app package /usr/lib/obsidian/obsidian.asar
2021-12-01 23:29:53 Checking for update using Github
2021-12-01 23:29:53 Success.
2021-12-01 23:29:53 Latest version is 0.12.19
2021-12-01 23:29:53 App is up to date.
2021-12-02 11:25:43 Loading main app package /usr/lib/obsidian/obsidian.asar
2021-12-02 11:25:43 Checking for update using Github
2021-12-02 11:25:43 Success.
2021-12-02 11:25:43 Latest version is 0.12.19
2021-12-02 11:25:43 App is up to date.
2021-12-03 16:29:54 Loading main app package /usr/lib/obsidian/obsidian.asar
2021-12-03 16:29:54 Checking for update using Github
2021-12-03 16:29:54 Success.
2021-12-03 16:29:54 Latest version is 0.12.19
2021-12-03 16:29:54 App is up to date.
2021-12-13 20:19:36 Loading main app package /usr/lib/obsidian/obsidian.asar
2021-12-13 20:19:36 Checking for update using Github
2021-12-13 20:19:36 Success.
2021-12-13 20:19:36 Latest version is 0.12.19
2021-12-13 20:19:36 App is up to date.
2021-12-13 21:19:36 Checking for update using Github
2021-12-13 21:19:36 Success.
2021-12-13 21:19:36 Latest version is 0.12.19
2021-12-13 21:19:36 App is up to date.
2021-12-13 22:35:28 Loading main app package /usr/lib/obsidian/obsidian.asar
2021-12-13 22:35:29 Checking for update using Github
2021-12-13 22:35:29 Success.
2021-12-13 22:35:29 Latest version is 0.12.19
2021-12-13 22:35:29 App is up to date.
2021-12-19 07:40:35 Loading main app package /usr/lib/obsidian/obsidian.asar
2021-12-19 07:40:35 Checking for update using Github
2021-12-19 07:40:35 Success.
2021-12-19 07:40:35 Latest version is 0.12.19
2021-12-19 07:40:35 App is up to date.
2022-01-02 11:27:49 Loading main app package /usr/lib/obsidian/obsidian.asar
2022-01-02 11:27:49 Checking for update using Github
2022-01-02 11:27:49 Success.
2022-01-02 11:27:49 Latest version is 0.13.14
2022-01-02 11:27:49 App is up to date.
